<?xml version="1.0" encoding="UTF-8"?>
<!-- Generated by org.testng.reporters.JUnitReportReporter -->
<testsuite hostname="George" failures="0" tests="1" name="com.learnAutomation.testcases.SampleTest" time="0.014" errors="0" timestamp="2023-06-10T22:05:26 IST" skipped="0">
  <testcase classname="com.learnAutomation.testcases.SampleTest" name="helloTest" time="0.014"/>
  <system-out/>
</testsuite> <!-- com.learnAutomation.testcases.SampleTest -->
