<?xml version="1.0" encoding="UTF-8"?>
<!-- Generated by org.testng.reporters.JUnitReportReporter -->
<testsuite hostname="George" failures="0" tests="2" name="com.learnAutomation.testcases.LoginTest" time="4.905" errors="0" timestamp="2023-06-10T21:52:31 IST" skipped="0">
  <testcase classname="com.learnAutomation.testcases.LoginTest" name="logout" time="3.341"/>
  <system-out/>
  <testcase classname="com.learnAutomation.testcases.LoginTest" name="loginApp" time="1.564"/>
  <system-out/>
</testsuite> <!-- com.learnAutomation.testcases.LoginTest -->
